info it worked if it ends with ok
verbose cli [ 'node', '/usr/local/bin/npm', 'install', 'pluralize' ]
info using npm@1.0.6
info using node@v0.4.10
verbose /usr/local/bin/node node symlink
verbose config file /Users/a0n/.npmrc
verbose config file /usr/local/etc/npmrc
silly testEngine { name: 'Blop',
silly testEngine   description: 'Draft Socketstream implementation of a microblogging community for music.',
silly testEngine   version: '0.0.5',
silly testEngine   author: { name: 'Aaron Israel', email: 'ai@gobas.de' },
silly testEngine   engines: { node: '>= 0.4.0 < 0.5.0' },
silly testEngine   dependencies: 
silly testEngine    { socketstream: '~>0.2.0',
silly testEngine      backbone: '~>0.5.3',
silly testEngine      underscore: '~>1.2.1',
silly testEngine      'node-uuid': '~>1.2.0',
silly testEngine      seq: '~>0.3.5' },
silly testEngine   devDependencies: {},
silly testEngine   _id: 'Blop@0.0.5',
silly testEngine   _engineSupported: true,
silly testEngine   _npmVersion: '1.0.6',
silly testEngine   _nodeVersion: 'v0.4.10',
silly testEngine   _defaultsLoaded: true }
verbose caching /Users/a0n/Code/Gobas/socketstream_tests/blob.fm/package.json
verbose loadDefaults Blop@0.0.5
silly testEngine { name: 'backbone',
silly testEngine   description: 'Give your JS App some Backbone with Models, Views, Collections, and Events.',
silly testEngine   url: 'http://documentcloud.github.com/backbone/',
silly testEngine   keywords: [ 'util', 'functional', 'server', 'client', 'browser' ],
silly testEngine   author: 
silly testEngine    { name: 'Jeremy Ashkenas',
silly testEngine      email: 'jeremy@documentcloud.org' },
silly testEngine   contributors: [],
silly testEngine   dependencies: { underscore: '>=1.1.2' },
silly testEngine   lib: '.',
silly testEngine   main: 'backbone.js',
silly testEngine   version: '0.5.3',
silly testEngine   devDependencies: {},
silly testEngine   _id: 'backbone@0.5.3',
silly testEngine   engines: { node: '*' },
silly testEngine   _engineSupported: true,
silly testEngine   _npmVersion: '1.0.6',
silly testEngine   _nodeVersion: 'v0.4.10',
silly testEngine   _defaultsLoaded: true }
verbose caching /Users/a0n/Code/Gobas/socketstream_tests/blob.fm/node_modules/backbone/package.json
verbose loadDefaults backbone@0.5.3
silly testEngine { name: 'flow',
silly testEngine   description: 'Flow-JS makes it easy to express multi-step asynchronous logic in Node or the browser',
silly testEngine   url: 'http://github.com/willconant/flow-js',
silly testEngine   keywords: [ 'util', 'functional', 'server', 'client', 'browser' ],
silly testEngine   author: 
silly testEngine    { name: 'Will Conant',
silly testEngine      email: 'will.conant@gmail.com' },
silly testEngine   contributors: [],
silly testEngine   dependencies: {},
silly testEngine   lib: '.',
silly testEngine   main: 'flow.js',
silly testEngine   version: '0.2.2',
silly testEngine   devDependencies: {},
silly testEngine   _id: 'flow@0.2.2',
silly testEngine   engines: { node: '*' },
silly testEngine   _engineSupported: true,
silly testEngine   _npmVersion: '1.0.6',
silly testEngine   _nodeVersion: 'v0.4.10',
silly testEngine   _defaultsLoaded: true }
verbose caching /Users/a0n/Code/Gobas/socketstream_tests/blob.fm/node_modules/flow/package.json
verbose loadDefaults flow@0.2.2
silly testEngine { name: 'node-uuid',
silly testEngine   description: 'Simple, fast generation of RFC4122(v4) UUIDs.',
silly testEngine   url: 'http://github.com/broofa/node-uuid',
silly testEngine   keywords: [ 'uuid', 'guid', 'rfc4122' ],
silly testEngine   author: { name: 'Robert Kieffer', email: 'robert@broofa.com' },
silly testEngine   contributors: [],
silly testEngine   dependencies: {},
silly testEngine   lib: '.',
silly testEngine   main: './uuid.js',
silly testEngine   version: '1.2.0',
silly testEngine   devDependencies: {},
silly testEngine   _id: 'node-uuid@1.2.0',
silly testEngine   engines: { node: '*' },
silly testEngine   _engineSupported: true,
silly testEngine   _npmVersion: '1.0.6',
silly testEngine   _nodeVersion: 'v0.4.10',
silly testEngine   _defaultsLoaded: true }
verbose caching /Users/a0n/Code/Gobas/socketstream_tests/blob.fm/node_modules/node-uuid/package.json
verbose loadDefaults node-uuid@1.2.0
silly testEngine { name: 'seq',
silly testEngine   version: '0.3.5',
silly testEngine   description: 'Chainable asynchronous flow control with sequential and parallel primitives and pipeline-style error handling',
silly testEngine   main: './index.js',
silly testEngine   repository: 
silly testEngine    { type: 'git',
silly testEngine      url: 'git://github.com/substack/node-seq.git' },
silly testEngine   dependencies: { chainsaw: '>=0.0.7 <0.1', hashish: '>=0.0.2 <0.1' },
silly testEngine   devDependencies: { expresso: '>=0.7.x' },
silly testEngine   script: { test: 'expresso' },
silly testEngine   keywords: 
silly testEngine    [ 'flow-control',
silly testEngine      'flow',
silly testEngine      'control',
silly testEngine      'async',
silly testEngine      'asynchronous',
silly testEngine      'chain',
silly testEngine      'pipeline',
silly testEngine      'sequence',
silly testEngine      'sequential',
silly testEngine      'parallel',
silly testEngine      'error' ],
silly testEngine   author: 
silly testEngine    { name: 'James Halliday',
silly testEngine      email: 'mail@substack.net',
silly testEngine      url: 'http://substack.net' },
silly testEngine   license: 'MIT/X11',
silly testEngine   engine: { node: '>=0.4.0' },
silly testEngine   _id: 'seq@0.3.5',
silly testEngine   engines: { node: '*' },
silly testEngine   _engineSupported: true,
silly testEngine   _npmVersion: '1.0.6',
silly testEngine   _nodeVersion: 'v0.4.10',
silly testEngine   _defaultsLoaded: true }
verbose caching /Users/a0n/Code/Gobas/socketstream_tests/blob.fm/node_modules/seq/package.json
verbose loadDefaults seq@0.3.5
silly testEngine { name: 'socketstream',
silly testEngine   description: 'A phenomenally fast real-time web framework for Node.js',
silly testEngine   version: '0.2.4',
silly testEngine   homepage: 'http://www.socketstream.org',
silly testEngine   author: 
silly testEngine    { name: 'Owen Barnes',
silly testEngine      email: 'owen@socketstream.org' },
silly testEngine   contributors: 
silly testEngine    [ { name: 'Paul Jensen',
silly testEngine        email: 'paulbjensen@gmail.com' },
silly testEngine      { name: 'Alan Milford', email: 'amilford@gmail.com' },
silly testEngine      { name: 'Addy Osmani', email: 'addyosmani@gmail.com' } ],
silly testEngine   dependencies: 
silly testEngine    { 'coffee-script': '= 1.1.2',
silly testEngine      'socket.io': '= 0.8.4',
silly testEngine      redis: '= 0.6.7',
silly testEngine      connect: '= 1.7.1',
silly testEngine      jade: '= 0.16.0',
silly testEngine      stylus: '= 0.16.0',
silly testEngine      less: '= 1.1.4',
silly testEngine      'uglify-js': '= 1.0.6',
silly testEngine      argsparser: '= 0.0.6',
silly testEngine      semver: '= 1.0.8' },
silly testEngine   devDependencies: { zmq: '= 1.0.2', hiredis: '= 0.1.12' },
silly testEngine   directories: { lib: './lib', doc: './doc' },
silly testEngine   main: './lib/socketstream.js',
silly testEngine   engines: { node: '>= 0.4.0 < 0.5.0' },
silly testEngine   bin: { socketstream: './bin/socketstream' },
silly testEngine   _id: 'socketstream@0.2.4',
silly testEngine   _engineSupported: true,
silly testEngine   _npmVersion: '1.0.6',
silly testEngine   _nodeVersion: 'v0.4.10',
silly testEngine   _defaultsLoaded: true }
verbose caching /Users/a0n/Code/Gobas/socketstream_tests/blob.fm/node_modules/socketstream/package.json
verbose loadDefaults socketstream@0.2.4
silly testEngine { name: 'underscore',
silly testEngine   description: 'JavaScript\'s functional programming helper library.',
silly testEngine   homepage: 'http://documentcloud.github.com/underscore/',
silly testEngine   keywords: [ 'util', 'functional', 'server', 'client', 'browser' ],
silly testEngine   author: 
silly testEngine    { name: 'Jeremy Ashkenas',
silly testEngine      email: 'jeremy@documentcloud.org' },
silly testEngine   contributors: [],
silly testEngine   dependencies: {},
silly testEngine   repository: 
silly testEngine    { type: 'git',
silly testEngine      url: 'git://github.com/documentcloud/underscore.git' },
silly testEngine   main: 'underscore.js',
silly testEngine   version: '1.2.1',
silly testEngine   devDependencies: {},
silly testEngine   _id: 'underscore@1.2.1',
silly testEngine   engines: { node: '*' },
silly testEngine   _engineSupported: true,
silly testEngine   _npmVersion: '1.0.6',
silly testEngine   _nodeVersion: 'v0.4.10',
silly testEngine   _defaultsLoaded: true }
verbose caching /Users/a0n/Code/Gobas/socketstream_tests/blob.fm/node_modules/underscore/package.json
verbose loadDefaults underscore@1.2.1
verbose has wscript [ undefined,
verbose has wscript   { file: '/Users/a0n/Code/Gobas/socketstream_tests/blob.fm/node_modules/rbytes/package.json',
verbose has wscript     contributors: false,
verbose has wscript     serverjs: false,
verbose has wscript     wscript: true } ]
silly testEngine { name: 'rbytes',
silly testEngine   version: '0.0.2',
silly testEngine   description: 'Generates cryptographically secure random byte sequences',
silly testEngine   author: { name: 'Aleksander Williams' },
silly testEngine   contributors: [],
silly testEngine   engines: { node: '>=0.3.0' },
silly testEngine   url: 'http://akdubya.github.com/rbytes/',
silly testEngine   keywords: [ 'random', 'crypto' ],
silly testEngine   main: 'index',
silly testEngine   scripts: { install: 'node-waf configure build' },
silly testEngine   dependencies: {},
silly testEngine   devDependencies: {},
silly testEngine   _id: 'rbytes@0.0.2',
silly testEngine   _engineSupported: true,
silly testEngine   _npmVersion: '1.0.6',
silly testEngine   _nodeVersion: 'v0.4.10',
silly testEngine   _defaultsLoaded: true }
verbose caching /Users/a0n/Code/Gobas/socketstream_tests/blob.fm/node_modules/rbytes/package.json
verbose loadDefaults rbytes@0.0.2
verbose from cache /Users/a0n/Code/Gobas/socketstream_tests/blob.fm/package.json
verbose into /Users/a0n/Code/Gobas/socketstream_tests/blob.fm [ 'pluralize' ]
verbose cache add [ 'pluralize', null ]
info addNamed [ 'pluralize', '' ]
verbose addNamed [ null, '' ]
verbose GET pluralize
verbose raw, before any munging pluralize
verbose url resolving [ 'http://registry.npmjs.org/', './pluralize' ]
verbose url resolved http://registry.npmjs.org/pluralize
verbose url parsed { protocol: 'http:',
verbose url parsed   slashes: true,
verbose url parsed   host: 'registry.npmjs.org',
verbose url parsed   hostname: 'registry.npmjs.org',
verbose url parsed   href: 'http://registry.npmjs.org/pluralize',
verbose url parsed   pathname: '/pluralize' }
verbose response http://registry.npmjs.org/pluralize
silly chunk {"error":"not_found","reason":"document not found"}
silly chunk 
silly get cb [ 404,
silly get cb   { server: 'CouchDB/1.1.1 (Erlang OTP/R14B04)',
silly get cb     date: 'Sat, 05 Nov 2011 18:31:33 GMT',
silly get cb     'content-type': 'application/json',
silly get cb     'content-length': '52',
silly get cb     'cache-control': 'must-revalidate' } ]
ERR! 404 'pluralize' is not in the npm registry.
ERR! 404 You should bug the author to publish it.
ERR! 404 Note that you can also install from a tarball or folder.
ERR! 
ERR! System Darwin 11.2.0
ERR! command "node" "/usr/local/bin/npm" "install" "pluralize"
verbose exit [ 1, true ]
